2021-10-20T13:38:21.542442Z 0 [Warning] TIMESTAMP with implicit DEFAULT value is deprecated. Please use --explicit_defaults_for_timestamp server option (see documentation for more details).
2021-10-20T13:38:21.542442Z 0 [Warning] 'NO_ZERO_DATE', 'NO_ZERO_IN_DATE' and 'ERROR_FOR_DIVISION_BY_ZERO' sql modes should be used with strict mode. They will be merged with strict mode in a future release.
2021-10-20T13:38:21.542442Z 0 [Warning] 'NO_AUTO_CREATE_USER' sql mode was not set.
2021-10-20T13:38:21.542442Z 0 [Warning] Insecure configuration for --secure-file-priv: Current value does not restrict location of generated files. Consider setting it to a valid, non-empty path.
2021-10-20T13:38:21.542442Z 0 [ERROR] Cannot open Windows EventLog; check privileges, or start server with --log_syslog=0
2021-10-20T13:38:21.542442Z 0 [Note] C:\Users\gdery\Desktop\UwAmp\bin\database\mysql-5.7.11\bin\mysqld.exe (mysqld 5.7.11) starting as process 16788 ...
2021-10-20T13:38:21.556409Z 0 [ERROR] Can't open shared library 'C:\Users\gdery\Desktop\UwAmp\bin\database\mysql-5.7.11\lib\plugin\keyring_file.dll' (errno: 126 Не найден указанный модуль.)
2021-10-20T13:38:21.558400Z 0 [ERROR] Couldn't load plugin named 'keyring_file' with soname 'keyring_file.dll'.
2021-10-20T13:38:21.559396Z 0 [Note] InnoDB: Mutexes and rw_locks use Windows interlocked functions
2021-10-20T13:38:21.560394Z 0 [Note] InnoDB: Uses event mutexes
2021-10-20T13:38:21.560394Z 0 [Note] InnoDB: Memory barrier is not used
2021-10-20T13:38:21.560394Z 0 [Note] InnoDB: Compressed tables use zlib 1.2.3
2021-10-20T13:38:21.561390Z 0 [Note] InnoDB: Number of pools: 1
2021-10-20T13:38:21.562388Z 0 [Note] InnoDB: Not using CPU crc32 instructions
2021-10-20T13:38:21.614250Z 0 [Note] InnoDB: Initializing buffer pool, total size = 128M, instances = 1, chunk size = 128M
2021-10-20T13:38:21.620234Z 0 [Note] InnoDB: Completed initialization of buffer pool
2021-10-20T13:38:21.674104Z 0 [Note] InnoDB: Highest supported file format is Barracuda.
2021-10-20T13:38:21.765843Z 0 [Note] InnoDB: Creating shared tablespace for temporary tables
2021-10-20T13:38:21.766840Z 0 [Note] InnoDB: Setting file '.\ibtmp1' size to 12 MB. Physically writing the file full; Please wait ...
2021-10-20T13:38:21.774819Z 0 [Note] InnoDB: File '.\ibtmp1' size is now 12 MB.
2021-10-20T13:38:21.776814Z 0 [Note] InnoDB: 96 redo rollback segment(s) found. 96 redo rollback segment(s) are active.
2021-10-20T13:38:21.777811Z 0 [Note] InnoDB: 32 non-redo rollback segment(s) are active.
2021-10-20T13:38:21.778809Z 0 [Note] InnoDB: Waiting for purge to start
2021-10-20T13:38:21.833695Z 0 [Note] InnoDB: 5.7.11 started; log sequence number 3699263
2021-10-20T13:38:21.834659Z 0 [Note] InnoDB: Loading buffer pool(s) from C:\Users\gdery\Desktop\UwAmp\bin\database\mysql-5.7.11\data\ib_buffer_pool
2021-10-20T13:38:21.834659Z 0 [Note] Plugin 'FEDERATED' is disabled.
2021-10-20T13:38:21.841641Z 0 [Warning] Failed to set up SSL because of the following SSL library error: SSL context is not usable without certificate and private key
2021-10-20T13:38:21.844633Z 0 [Note] Server hostname (bind-address): '*'; port: 3306
2021-10-20T13:38:21.845631Z 0 [Note] IPv6 is available.
2021-10-20T13:38:21.845631Z 0 [Note]   - '::' resolves to '::';
2021-10-20T13:38:21.846628Z 0 [Note] Server socket created on IP: '::'.
2021-10-20T13:38:21.856602Z 0 [Note] InnoDB: Buffer pool(s) load completed at 211020 16:38:21
2021-10-20T13:38:21.893503Z 0 [Note] Event Scheduler: Loaded 0 events
2021-10-20T13:38:21.893503Z 0 [Note] C:\Users\gdery\Desktop\UwAmp\bin\database\mysql-5.7.11\bin\mysqld.exe: ready for connections.
Version: '5.7.11'  socket: ''  port: 3306  MySQL Community Server (GPL)
2021-10-20T13:39:34.442700Z 0 [Note] C:\Users\gdery\Desktop\UwAmp\bin\database\mysql-5.7.11\bin\mysqld.exe: Normal shutdown

2021-10-20T13:39:34.443699Z 0 [Note] Giving 0 client threads a chance to die gracefully
2021-10-20T13:39:34.443699Z 0 [Note] Shutting down slave threads
2021-10-20T13:39:34.443699Z 0 [Note] Forcefully disconnecting 0 remaining clients
2021-10-20T13:39:34.444698Z 0 [Note] Event Scheduler: Purging the queue. 0 events
2021-10-20T13:39:34.445699Z 0 [Note] Binlog end
2021-10-20T13:39:34.447697Z 0 [Note] Shutting down plugin 'ngram'
2021-10-20T13:39:34.448686Z 0 [Note] Shutting down plugin 'partition'
2021-10-20T13:39:34.448686Z 0 [Note] Shutting down plugin 'BLACKHOLE'
2021-10-20T13:39:34.448686Z 0 [Note] Shutting down plugin 'ARCHIVE'
2021-10-20T13:39:34.449719Z 0 [Note] Shutting down plugin 'PERFORMANCE_SCHEMA'
2021-10-20T13:39:34.449719Z 0 [Note] Shutting down plugin 'MRG_MYISAM'
2021-10-20T13:39:34.450712Z 0 [Note] Shutting down plugin 'MyISAM'
2021-10-20T13:39:34.450712Z 0 [Note] Shutting down plugin 'INNODB_SYS_VIRTUAL'
2021-10-20T13:39:34.450712Z 0 [Note] Shutting down plugin 'INNODB_SYS_DATAFILES'
2021-10-20T13:39:34.451710Z 0 [Note] Shutting down plugin 'INNODB_SYS_TABLESPACES'
2021-10-20T13:39:34.451710Z 0 [Note] Shutting down plugin 'INNODB_SYS_FOREIGN_COLS'
2021-10-20T13:39:34.452706Z 0 [Note] Shutting down plugin 'INNODB_SYS_FOREIGN'
2021-10-20T13:39:34.452706Z 0 [Note] Shutting down plugin 'INNODB_SYS_FIELDS'
2021-10-20T13:39:34.453705Z 0 [Note] Shutting down plugin 'INNODB_SYS_COLUMNS'
2021-10-20T13:39:34.453705Z 0 [Note] Shutting down plugin 'INNODB_SYS_INDEXES'
2021-10-20T13:39:34.453705Z 0 [Note] Shutting down plugin 'INNODB_SYS_TABLESTATS'
2021-10-20T13:39:34.454702Z 0 [Note] Shutting down plugin 'INNODB_SYS_TABLES'
2021-10-20T13:39:34.454702Z 0 [Note] Shutting down plugin 'INNODB_FT_INDEX_TABLE'
2021-10-20T13:39:34.455702Z 0 [Note] Shutting down plugin 'INNODB_FT_INDEX_CACHE'
2021-10-20T13:39:34.455702Z 0 [Note] Shutting down plugin 'INNODB_FT_CONFIG'
2021-10-20T13:39:34.456696Z 0 [Note] Shutting down plugin 'INNODB_FT_BEING_DELETED'
2021-10-20T13:39:34.456696Z 0 [Note] Shutting down plugin 'INNODB_FT_DELETED'
2021-10-20T13:39:34.456696Z 0 [Note] Shutting down plugin 'INNODB_FT_DEFAULT_STOPWORD'
2021-10-20T13:39:34.457696Z 0 [Note] Shutting down plugin 'INNODB_METRICS'
2021-10-20T13:39:34.457696Z 0 [Note] Shutting down plugin 'INNODB_TEMP_TABLE_INFO'
2021-10-20T13:39:34.458690Z 0 [Note] Shutting down plugin 'INNODB_BUFFER_POOL_STATS'
2021-10-20T13:39:34.458690Z 0 [Note] Shutting down plugin 'INNODB_BUFFER_PAGE_LRU'
2021-10-20T13:39:34.459688Z 0 [Note] Shutting down plugin 'INNODB_BUFFER_PAGE'
2021-10-20T13:39:34.459688Z 0 [Note] Shutting down plugin 'INNODB_CMP_PER_INDEX_RESET'
2021-10-20T13:39:34.460683Z 0 [Note] Shutting down plugin 'INNODB_CMP_PER_INDEX'
2021-10-20T13:39:34.460683Z 0 [Note] Shutting down plugin 'INNODB_CMPMEM_RESET'
2021-10-20T13:39:34.461651Z 0 [Note] Shutting down plugin 'INNODB_CMPMEM'
2021-10-20T13:39:34.461651Z 0 [Note] Shutting down plugin 'INNODB_CMP_RESET'
2021-10-20T13:39:34.462688Z 0 [Note] Shutting down plugin 'INNODB_CMP'
2021-10-20T13:39:34.462688Z 0 [Note] Shutting down plugin 'INNODB_LOCK_WAITS'
2021-10-20T13:39:34.463687Z 0 [Note] Shutting down plugin 'INNODB_LOCKS'
2021-10-20T13:39:34.463687Z 0 [Note] Shutting down plugin 'INNODB_TRX'
2021-10-20T13:39:34.464677Z 0 [Note] Shutting down plugin 'InnoDB'
2021-10-20T13:39:34.464677Z 0 [Note] InnoDB: FTS optimize thread exiting.
2021-10-20T13:39:34.465665Z 0 [Note] InnoDB: Starting shutdown...
2021-10-20T13:39:34.579164Z 0 [Note] InnoDB: Dumping buffer pool(s) to C:\Users\gdery\Desktop\UwAmp\bin\database\mysql-5.7.11\data\ib_buffer_pool
2021-10-20T13:39:34.581160Z 0 [Note] InnoDB: Buffer pool(s) dump completed at 211020 16:39:34
2021-10-20T13:39:35.898582Z 0 [Note] InnoDB: Shutdown completed; log sequence number 3699291
2021-10-20T13:39:35.899580Z 0 [Note] InnoDB: Removed temporary tablespace data file: "ibtmp1"
2021-10-20T13:39:35.899580Z 0 [Note] Shutting down plugin 'MEMORY'
2021-10-20T13:39:35.900577Z 0 [Note] Shutting down plugin 'CSV'
2021-10-20T13:39:35.900577Z 0 [Note] Shutting down plugin 'sha256_password'
2021-10-20T13:39:35.900577Z 0 [Note] Shutting down plugin 'mysql_native_password'
2021-10-20T13:39:35.901574Z 0 [Note] Shutting down plugin 'binlog'
2021-10-20T13:39:35.902571Z 0 [Note] C:\Users\gdery\Desktop\UwAmp\bin\database\mysql-5.7.11\bin\mysqld.exe: Shutdown complete

